<?xml version="1.0" encoding="UTF-8"?>
<testsuite xmlns:xsi="http://www.w3.org/2001/XMLSchema-instance" xsi:noNamespaceSchemaLocation="https://maven.apache.org/surefire/maven-surefire-plugin/xsd/surefire-test-report-3.0.xsd" version="3.0" name="com.ecommercetest.EcommerceAppTest" time="0.173" tests="5" errors="0" skipped="0" failures="0">
  <properties>
[...]
</properties>
  <testcase name="testRemoveFromCart" classname="com.ecommercetest.EcommerceAppTest" time="0.037"/>
  <testcase name="testAddToCart" classname="com.ecommercetest.EcommerceAppTest" time="0.003"/>
  <testcase name="testCheckoutOutOfStock" classname="com.ecommercetest.EcommerceAppTest" time="0.08"/>
  <testcase name="testConcurrentCheckout" classname="com.ecommercetest.EcommerceAppTest" time="0.019"/>
  <testcase name="testCheckoutSuccess" classname="com.ecommercetest.EcommerceAppTest" time="0.001"/>
</testsuite>